* ******************************************************************************

* iCEcube Placer

* Version:            2020.12.27943

* Build Date:         Dec  9 2020 17:55:50

* File Generated:     Nov 12 2023 01:55:25

* Purpose:            

* Copyright (C) 2006-2010 by Lattice Semiconductor Corp. All rights reserved.

* ******************************************************************************

Executing : C:\lscc\iCEcube2.2020.12\sbt_backend\bin\win32\opt\sbtplacer.exe --des-lib C:/code/TAS/TAS/TAStable/FPGA/TAStable/TAStable_Implmnt\sbt\netlist\oadb-top --outdir C:/code/TAS/TAS/TAStable/FPGA/TAStable/TAStable_Implmnt\sbt\outputs\placer --device-file C:\lscc\iCEcube2.2020.12\sbt_backend\devices\ICE40P08.dev --package CB132 --deviceMarketName iCE40HX8K --sdc-file C:/code/TAS/TAS/TAStable/FPGA/TAStable/TAStable_Implmnt\sbt\Temp/sbt_temp.sdc --lib-file C:\lscc\iCEcube2.2020.12\sbt_backend\devices\ice40HX8K.lib --effort_level std --out-sdc-file C:/code/TAS/TAS/TAStable/FPGA/TAStable/TAStable_Implmnt\sbt\outputs\placer\top_pl.sdc
I2004: Option and Settings Summary
=============================================================
Device file          - C:\lscc\iCEcube2.2020.12\sbt_backend\devices\ICE40P08.dev
Package              - CB132
Design database      - C:/code/TAS/TAS/TAStable/FPGA/TAStable/TAStable_Implmnt\sbt\netlist\oadb-top
SDC file             - C:/code/TAS/TAS/TAStable/FPGA/TAStable/TAStable_Implmnt\sbt\Temp/sbt_temp.sdc
Output directory     - C:/code/TAS/TAS/TAStable/FPGA/TAStable/TAStable_Implmnt\sbt\outputs\placer
Timing library       - C:\lscc\iCEcube2.2020.12\sbt_backend\devices\ice40HX8K.lib
Effort level         - std

I2050: Starting reading inputs for placer
=============================================================
I2100: Reading design library: C:/code/TAS/TAS/TAStable/FPGA/TAStable/TAStable_Implmnt\sbt\netlist\oadb-top/BFPGA_DESIGN_ep
I2065: Reading device file : C:\lscc\iCEcube2.2020.12\sbt_backend\devices\ICE40P08.dev
I2051: Reading of inputs for placer completed successfully

I2053: Starting placement of the design
=============================================================

Input Design Statistics
    Number of LUTs      	:	22
    Number of DFFs      	:	19
    Number of DFFs packed to IO	:	0
    Number of Carrys    	:	0
    Number of RAMs      	:	0
    Number of ROMs      	:	0
    Number of IOs       	:	19
    Number of GBIOs     	:	0
    Number of GBs       	:	1
    Number of WarmBoot  	:	0
    Number of PLLs      	:	1


Phase 1
I2077: Start design legalization

Design Legalization Statistics
    Number of feedthru LUTs inserted to legalize input of DFFs     	:	3
    Number of feedthru LUTs inserted for LUTs driving multiple DFFs	:	0
    Number of LUTs replicated for LUTs driving multiple DFFs       	:	0
    Number of feedthru LUTs inserted to legalize output of CARRYs  	:	0
    Number of feedthru LUTs inserted to legalize global signals    	:	0
    Number of feedthru CARRYs inserted to legalize input of CARRYs 	:	0
    Number of inserted LUTs to Legalize IOs with PIN_TYPE= 01xxxx  	:	0
    Number of inserted LUTs to Legalize IOs with PIN_TYPE= 10xxxx  	:	0
    Number of inserted LUTs to Legalize IOs with PIN_TYPE= 11xxxx  	:	0
    Total LUTs inserted                                            	:	3
    Total CARRYs inserted                                          	:	0


I2078: Design legalization is completed successfully
I2088: Phase 1, elapsed time : 0.0 (sec)


Phase 2
I2088: Phase 2, elapsed time : 0.2 (sec)

Phase 3
Info-1404: Inferred PLL generated clock at bum2_inst/PLLOUTCORE
Info-1404: Inferred PLL generated clock at bum2_inst/PLLOUTGLOBAL

Design Statistics after Packing
    Number of LUTs      	:	26
    Number of DFFs      	:	19
    Number of DFFs packed to IO	:	0
    Number of Carrys    	:	0

Device Utilization Summary after Packing
    Sequential LogicCells
        LUT and DFF      	:	19
        LUT, DFF and CARRY	:	0
    Combinational LogicCells
        Only LUT         	:	7
        CARRY Only       	:	0
        LUT with CARRY   	:	0
    LogicCells                  :	26/7680
    PLBs                        :	8/960
    BRAMs                       :	0/32
    IOs and GBIOs               :	19/95
    PLLs                        :	1/2


I2088: Phase 3, elapsed time : 1.7 (sec)

Phase 4
I2088: Phase 4, elapsed time : 1.8 (sec)

Phase 5
I2088: Phase 5, elapsed time : 0.1 (sec)

Phase 6
I2088: Phase 6, elapsed time : 50.9 (sec)

Final Design Statistics
    Number of LUTs      	:	26
    Number of DFFs      	:	19
    Number of DFFs packed to IO	:	0
    Number of Carrys    	:	0
    Number of RAMs      	:	0
    Number of ROMs      	:	0
    Number of IOs       	:	19
    Number of GBIOs     	:	0
    Number of GBs       	:	1
    Number of WarmBoot  	:	0
    Number of PLLs      	:	1

Device Utilization Summary
    LogicCells                  :	26/7680
    PLBs                        :	15/960
    BRAMs                       :	0/32
    IOs and GBIOs               :	19/95
    PLLs                        :	1/2



#####################################################################
Placement Timing Summary

The timing summary is based on estimated routing delays after
placement. For final timing report, please carry out the timing
analysis after routing.
=====================================================================

#####################################################################
                     Clock Summary 
=====================================================================
Number of clocks: 4
Clock: PACKAGEPIN | Frequency: N/A | Target: 166.67 MHz
Clock: bum2_inst/PLLOUTCORE | Frequency: N/A | Target: 2375.00 MHz
Clock: bum2_inst/PLLOUTGLOBAL | Frequency: 177.23 MHz | Target: 2375.00 MHz
Clock: top|PACKAGEPIN | Frequency: N/A | Target: 196.85 MHz

=====================================================================
                     End of Clock Summary
#####################################################################

I2054: Placement of design completed successfully

I2076: Placer run-time: 57.6 sec.

