Running in Lattice mode


Starting:    C:\lscc\iCEcube2.2020.12\synpbase\bin64\mbin\synbatch.exe
Install:     C:\lscc\iCEcube2.2020.12\synpbase
Hostname:    DESKTOP-4DQBHVO
Date:        Fri Nov 10 15:35:36 2023
Version:     L-2016.09L+ice40

Arguments:   -product synplify_pro -batch TAStable_syn.prj
ProductType: synplify_pro





log file: "C:\code\TAS\TAS\TAStable\FPGA\TAStable\TAStable_Implmnt\TAStable.srr"
Running: TAStable_Implmnt in foreground

Running TAStable_syn|TAStable_Implmnt

Running: compile (Compile) on TAStable_syn|TAStable_Implmnt
# Fri Nov 10 15:35:36 2023

Running: compile_flow (Compile Process) on TAStable_syn|TAStable_Implmnt
# Fri Nov 10 15:35:36 2023

Running: compiler (Compile Input) on TAStable_syn|TAStable_Implmnt
# Fri Nov 10 15:35:36 2023
compiler exited with errors
Job failed on: TAStable_syn|TAStable_Implmnt

Job: "compiler" terminated with error status: 2
See log file: "C:\code\TAS\TAS\TAStable\FPGA\TAStable\TAStable_Implmnt\synlog\TAStable_compiler.srr"
# Fri Nov 10 15:35:36 2023

Return Code: 2
Run Time:00h:00m:00s
Complete: Compile Process on TAStable_syn|TAStable_Implmnt
Complete: Compile on TAStable_syn|TAStable_Implmnt
Complete: Logic Synthesis on TAStable_syn|TAStable_Implmnt

exit status=2

exit status=2

